<?xml version="1.0" encoding="UTF-8" ?>
<testsuite tests="11" failures="0" name="GameRunTest" time="0.364" errors="0" skipped="0">
  <properties>
    <property name="idea.version" value="2021.1"/>
    <property name="java.runtime.name" value="Java(TM) SE Runtime Environment"/>
    <property name="java.vm.version" value="11.0.10+8-LTS-162"/>
    <property name="sun.boot.library.path" value="/usr/lib/jvm/jdk-11.0.10/lib"/>
    <property name="maven.multiModuleProjectDirectory" value="/home/eas/Escritorio/21E06"/>
    <property name="java.vm.vendor" value="Oracle Corporation"/>
    <property name="java.vendor.url" value="https://openjdk.java.net/"/>
    <property name="guice.disable.misplaced.annotation.check" value="true"/>
    <property name="path.separator" value=":"/>
    <property name="java.vm.name" value="Java HotSpot(TM) 64-Bit Server VM"/>
    <property name="sun.os.patch.level" value="unknown"/>
    <property name="user.country" value="ES"/>
    <property name="sun.java.launcher" value="SUN_STANDARD"/>
    <property name="java.vm.specification.name" value="Java Virtual Machine Specification"/>
    <property name="user.dir" value="/home/eas/Escritorio/21E06"/>
    <property name="java.vm.compressedOopsMode" value="32-bit"/>
    <property name="java.runtime.version" value="11.0.10+8-LTS-162"/>
    <property name="java.awt.graphicsenv" value="sun.awt.X11GraphicsEnvironment"/>
    <property name="os.arch" value="amd64"/>
    <property name="java.io.tmpdir" value="/tmp"/>
    <property name="line.separator" value="
"/>
    <property name="java.vm.specification.vendor" value="Oracle Corporation"/>
    <property name="os.name" value="Linux"/>
    <property name="maven.ext.class.path" value="/home/eas/.local/share/JetBrains/Toolbox/apps/IDEA-U/ch-0/211.6693.111/plugins/maven/lib/maven-event-listener.jar"/>
    <property name="classworlds.conf" value="/home/eas/.local/share/JetBrains/Toolbox/apps/IDEA-U/ch-0/211.6693.111/plugins/maven/lib/maven3/bin/m2.conf"/>
    <property name="sun.jnu.encoding" value="UTF-8"/>
    <property name="java.library.path" value="/usr/java/packages/lib:/usr/lib64:/lib64:/lib:/usr/lib"/>
    <property name="maven.conf" value="/home/eas/.local/share/JetBrains/Toolbox/apps/IDEA-U/ch-0/211.6693.111/plugins/maven/lib/maven3/conf"/>
    <property name="jdk.debug" value="release"/>
    <property name="java.class.version" value="55.0"/>
    <property name="java.specification.name" value="Java Platform API Specification"/>
    <property name="sun.management.compiler" value="HotSpot 64-Bit Tiered Compilers"/>
    <property name="os.version" value="5.8.0-50-generic"/>
    <property name="user.home" value="/home/eas"/>
    <property name="user.timezone" value="Europe/Madrid"/>
    <property name="java.awt.printerjob" value="sun.print.PSPrinterJob"/>
    <property name="file.encoding" value="UTF-8"/>
    <property name="java.specification.version" value="11"/>
    <property name="user.name" value="eas"/>
    <property name="java.class.path" value="/home/eas/.local/share/JetBrains/Toolbox/apps/IDEA-U/ch-0/211.6693.111/plugins/maven/lib/maven3/boot/plexus-classworlds.license:/home/eas/.local/share/JetBrains/Toolbox/apps/IDEA-U/ch-0/211.6693.111/plugins/maven/lib/maven3/boot/plexus-classworlds-2.6.0.jar"/>
    <property name="java.vm.specification.version" value="11"/>
    <property name="sun.arch.data.model" value="64"/>
    <property name="sun.java.command" value="org.codehaus.classworlds.Launcher -Didea.version=2021.1 package -P gui"/>
    <property name="java.home" value="/usr/lib/jvm/jdk-11.0.10"/>
    <property name="user.language" value="es"/>
    <property name="java.specification.vendor" value="Oracle Corporation"/>
    <property name="awt.toolkit" value="sun.awt.X11.XToolkit"/>
    <property name="java.vm.info" value="mixed mode"/>
    <property name="java.version" value="11.0.10"/>
    <property name="securerandom.source" value="file:/dev/./urandom"/>
    <property name="java.vendor" value="Oracle Corporation"/>
    <property name="maven.home" value="/home/eas/.local/share/JetBrains/Toolbox/apps/IDEA-U/ch-0/211.6693.111/plugins/maven/lib/maven3"/>
    <property name="file.separator" value="/"/>
    <property name="java.version.date" value="2021-01-19"/>
    <property name="java.vendor.url.bug" value="https://bugreport.java.com/bugreport/"/>
    <property name="sun.io.unicode.encoding" value="UnicodeLittle"/>
    <property name="sun.cpu.endian" value="little"/>
    <property name="java.vendor.version" value="18.9"/>
    <property name="sun.desktop" value="gnome"/>
    <property name="sun.cpu.isalist" value=""/>
  </properties>
  <testcase classname="GameRunTest" name="moveOptionInRoom" time="0.323"/>
  <testcase classname="GameRunTest" name="moveOptionOnTile" time="0.012"/>
  <testcase classname="GameRunTest" name="suggestionMovesCharacterAndWeapon" time="0.002"/>
  <testcase classname="GameRunTest" name="validMove" time="0.001"/>
  <testcase classname="GameRunTest" name="ghostThroughWall" time="0.002"/>
  <testcase classname="GameRunTest" name="playerCycling" time="0.002"/>
  <testcase classname="GameRunTest" name="correctAccusationWins" time="0.002"/>
  <testcase classname="GameRunTest" name="moveOptionOnEntrance" time="0.012"/>
  <testcase classname="GameRunTest" name="boardBoundary" time="0.002"/>
  <testcase classname="GameRunTest" name="lastSurvivorWin" time="0.003"/>
  <testcase classname="GameRunTest" name="wrongAccuserOut" time="0.003"/>
</testsuite>